12-09 16:01-INFO-FILE:main.py-FUNC:__init__-LINE:26-An ARgParseInput object was successfully made
12-09 16:01-INFO-FILE:main.py-FUNC:__init__-LINE:30-A places instance was successfully made out of ARgParseInput
12-09 16:01-ERROR-FILE:main.py-FUNC:__init__-LINE:46-invalid input: 0, should be an integer between [1-50]
12-09 16:01-INFO-FILE:scraper.py-FUNC:__init__-LINE:25-A scraper object was successfully made. Place: new-york
12-09 16:01-INFO-FILE:main.py-FUNC:run-LINE:71-An instance was successfully made out of Scraper
12-09 16:01-INFO-FILE:main.py-FUNC:run-LINE:73-An instance was successfully made out of SavetToDatabase
12-09 16:01-INFO-FILE:scraper.py-FUNC:create_driver-LINE:30-A driver object was successfully made
12-09 16:01-INFO-FILE:scraper.py-FUNC:driver_get-LINE:65-driver.get was successfully made on the following url: https://www.homepath.com/listings/new-york/list_v
12-09 16:01-INFO-FILE:scraper.py-FUNC:driver_get-LINE:65-driver.get was successfully made on the following url: https://www.homepath.com/listings/new-york/list_v
12-09 16:01-INFO-FILE:main.py-FUNC:do_the_actual_work-LINE:98-Url from page is under proccess
12-09 16:01-INFO-FILE:scraper.py-FUNC:driver_get-LINE:65-driver.get was successfully made on the following url: https://www.homepath.com/listing/33-lakeview-dr-monroe-ny-10950-46360097
12-09 16:01-CRITICAL-FILE:scraper.py-FUNC:get_image-LINE:52-The following error has occurred:unknown url type: '//d2196qnssmcium.cloudfront.net/static/img/logo-hp-1833910cc693e2e4425203c594fd3dd7.svg'
12-09 16:01-INFO-FILE:scraper.py-FUNC:get_image-LINE:50-An image was successfully downloaded. File name: img_1.jpeg
12-09 16:01-INFO-FILE:scraper.py-FUNC:get_image-LINE:50-An image was successfully downloaded. File name: img_2.jpeg
12-09 16:01-INFO-FILE:scraper.py-FUNC:get_image-LINE:50-An image was successfully downloaded. File name: img_3.jpeg
12-09 16:01-INFO-FILE:scraper.py-FUNC:get_image-LINE:50-An image was successfully downloaded. File name: img_4.jpeg
12-09 16:01-INFO-FILE:scraper.py-FUNC:get_image-LINE:50-An image was successfully downloaded. File name: img_5.jpeg
12-09 16:01-INFO-FILE:scraper.py-FUNC:get_image-LINE:50-An image was successfully downloaded. File name: img_6.jpeg
12-09 16:01-INFO-FILE:scraper.py-FUNC:get_image-LINE:50-An image was successfully downloaded. File name: img_7.jpeg
12-09 16:01-INFO-FILE:scraper.py-FUNC:get_image-LINE:50-An image was successfully downloaded. File name: img_8.jpeg
12-09 16:01-INFO-FILE:scraper.py-FUNC:get_image-LINE:50-An image was successfully downloaded. File name: img_9.jpeg
12-09 16:01-INFO-FILE:scraper.py-FUNC:get_image-LINE:50-An image was successfully downloaded. File name: img_10.jpeg
12-09 16:01-INFO-FILE:scraper.py-FUNC:get_image-LINE:50-An image was successfully downloaded. File name: img_11.jpeg
12-09 16:01-INFO-FILE:scraper.py-FUNC:get_image-LINE:50-An image was successfully downloaded. File name: img_12.jpeg
12-09 16:01-CRITICAL-FILE:scraper.py-FUNC:get_image-LINE:52-The following error has occurred:unknown url type: '//d2196qnssmcium.cloudfront.net/static/img/addthis_facebook-27b3bf154a39074e558bc19a5bcd5787.gif'
12-09 16:01-CRITICAL-FILE:scraper.py-FUNC:get_image-LINE:52-The following error has occurred:unknown url type: '//d2196qnssmcium.cloudfront.net/static/img/addthis_twitter-e571087b125dfd231014482a6587f5c4.gif'
12-09 16:01-CRITICAL-FILE:scraper.py-FUNC:get_image-LINE:52-The following error has occurred:unknown url type: '//d2196qnssmcium.cloudfront.net/static/img/addthis_email-2771bca38eb671644661b63a354e47ab.gif'
12-09 16:01-CRITICAL-FILE:scraper.py-FUNC:get_image-LINE:52-The following error has occurred:unknown url type: '//d2196qnssmcium.cloudfront.net/static/img/needclosingcostassistance-fde2fa162d6d341225813d799e86f1e4.jpg'
12-09 16:01-CRITICAL-FILE:scraper.py-FUNC:get_image-LINE:52-The following error has occurred:unknown url type: '//d2196qnssmcium.cloudfront.net/static/img/readybuye-right-col-add-ff0dbd417b04a26a1bbd8b1aa27ee8e2.jpg'
12-09 16:01-CRITICAL-FILE:scraper.py-FUNC:get_image-LINE:52-The following error has occurred:unknown url type: '//d2196qnssmcium.cloudfront.net/static/img/homeready-right-col-add-662e9cef0957dccb0d93040af60a82f3.jpg'
12-09 16:01-CRITICAL-FILE:scraper.py-FUNC:get_image-LINE:52-The following error has occurred:unknown url type: '//d2196qnssmcium.cloudfront.net/static/img/fannieMaeLogo.svg?v=1'
12-09 16:01-CRITICAL-FILE:scraper.py-FUNC:get_image-LINE:52-The following error has occurred:unknown url type: '//d2196qnssmcium.cloudfront.net/static/img/btn-app-store.png?v=1'
12-09 16:01-CRITICAL-FILE:scraper.py-FUNC:get_image-LINE:52-The following error has occurred:unknown url type: '//d2196qnssmcium.cloudfront.net/static/img/btn-google-play.png?v=1'
12-09 16:01-CRITICAL-FILE:scraper.py-FUNC:get_image-LINE:52-The following error has occurred:unknown url type: '//d2196qnssmcium.cloudfront.net/static/img/logoEqualHousing-5c2e72a64221424d5e765ec3a8382226.jpg'
12-09 16:01-INFO-FILE:scraper.py-FUNC:info_data-LINE:207-info_data has been Successfully called
12-09 16:01-INFO-FILE:scraper.py-FUNC:full_address-LINE:95-Successfully returned address : 33 Lakeview Dr
Monroe, New York 10950
12-09 16:01-INFO-FILE:scraper.py-FUNC:reo_id-LINE:121-Successfully returned on reo_id
12-09 16:01-INFO-FILE:scraper.py-FUNC:mls_id-LINE:130-Successfully returned on mls_id
12-09 16:01-INFO-FILE:scraper.py-FUNC:agent_name-LINE:140-Successfully returned on agent_name
12-09 16:01-INFO-FILE:scraper.py-FUNC:agent_phone-LINE:151-Successfully returned on agent_phone
12-09 16:01-INFO-FILE:scraper.py-FUNC:agent_company_name-LINE:162-Successfully returned on agent_company_name
12-09 16:01-INFO-FILE:scraper.py-FUNC:agent_company_phone-LINE:173-Successfully returned on agent_company_phone
12-09 16:01-INFO-FILE:scraper.py-FUNC:agent_company_address-LINE:184-Successfully returned on agent_company_address
12-09 16:01-CRITICAL-FILE:scraper.py-FUNC:description-LINE:199-The following error has occurred:Message: invalid selector: An invalid or illegal selector was specified
  (Session info: chrome=87.0.4280.88)

12-09 16:01-INFO-FILE:scraper.py-FUNC:info_data-LINE:207-info_data has been Successfully called
12-09 16:01-INFO-FILE:scraper.py-FUNC:full_address-LINE:95-Successfully returned address : 33 Lakeview Dr
Monroe, New York 10950
12-09 16:01-INFO-FILE:scraper.py-FUNC:reo_id-LINE:121-Successfully returned on reo_id
12-09 16:01-INFO-FILE:scraper.py-FUNC:mls_id-LINE:130-Successfully returned on mls_id
12-09 16:01-INFO-FILE:scraper.py-FUNC:agent_name-LINE:140-Successfully returned on agent_name
12-09 16:01-INFO-FILE:scraper.py-FUNC:agent_phone-LINE:151-Successfully returned on agent_phone
12-09 16:01-INFO-FILE:scraper.py-FUNC:agent_company_name-LINE:162-Successfully returned on agent_company_name
12-09 16:01-INFO-FILE:scraper.py-FUNC:agent_company_phone-LINE:173-Successfully returned on agent_company_phone
12-09 16:01-INFO-FILE:scraper.py-FUNC:agent_company_address-LINE:184-Successfully returned on agent_company_address
12-09 16:01-CRITICAL-FILE:scraper.py-FUNC:description-LINE:199-The following error has occurred:Message: invalid selector: An invalid or illegal selector was specified
  (Session info: chrome=87.0.4280.88)

12-09 16:01-INFO-FILE:scraper.py-FUNC:table_data-LINE:239-table_data has been Successfully called
12-09 16:01-INFO-FILE:scraper.py-FUNC:table_data-LINE:239-table_data has been Successfully called
12-09 16:01-INFO-FILE:scraper.py-FUNC:full_address-LINE:95-Successfully returned address : 33 Lakeview Dr
Monroe, New York 10950
12-09 16:01-INFO-FILE:scraper.py-FUNC:reo_id-LINE:121-Successfully returned on reo_id
12-09 16:01-INFO-FILE:scraper.py-FUNC:mls_id-LINE:130-Successfully returned on mls_id
12-09 16:01-INFO-FILE:scraper.py-FUNC:agent_name-LINE:140-Successfully returned on agent_name
12-09 16:01-INFO-FILE:scraper.py-FUNC:agent_phone-LINE:151-Successfully returned on agent_phone
12-09 16:01-INFO-FILE:scraper.py-FUNC:agent_company_name-LINE:162-Successfully returned on agent_company_name
12-09 16:01-INFO-FILE:scraper.py-FUNC:agent_company_phone-LINE:173-Successfully returned on agent_company_phone
12-09 16:01-INFO-FILE:scraper.py-FUNC:agent_company_address-LINE:184-Successfully returned on agent_company_address
12-09 16:01-CRITICAL-FILE:scraper.py-FUNC:description-LINE:199-The following error has occurred:Message: invalid selector: An invalid or illegal selector was specified
  (Session info: chrome=87.0.4280.88)

12-09 16:01-INFO-FILE:scraper.py-FUNC:table_data-LINE:239-table_data has been Successfully called
12-09 16:01-INFO-FILE:scraper.py-FUNC:table_data-LINE:239-table_data has been Successfully called
12-09 16:01-INFO-FILE:scraper.py-FUNC:table_data-LINE:239-table_data has been Successfully called
12-09 16:01-INFO-FILE:main.py-FUNC:do_the_actual_work-LINE:110-Success! data has been inserted into SQL tables
12-09 16:01-INFO-FILE:main.py-FUNC:do_the_actual_work-LINE:98-Url from page is under proccess
12-09 16:01-INFO-FILE:scraper.py-FUNC:driver_get-LINE:65-driver.get was successfully made on the following url: https://www.homepath.com/listing/258-n-main-st-apt-c19-spring-valley-ny-10977-46355333
12-09 16:01-CRITICAL-FILE:scraper.py-FUNC:get_image-LINE:52-The following error has occurred:unknown url type: '//d2196qnssmcium.cloudfront.net/static/img/logo-hp-1833910cc693e2e4425203c594fd3dd7.svg'
12-09 16:01-INFO-FILE:scraper.py-FUNC:get_image-LINE:50-An image was successfully downloaded. File name: img_1.jpeg
12-09 16:01-INFO-FILE:scraper.py-FUNC:get_image-LINE:50-An image was successfully downloaded. File name: img_2.jpeg
12-09 16:01-INFO-FILE:scraper.py-FUNC:get_image-LINE:50-An image was successfully downloaded. File name: img_3.jpeg
12-09 16:01-INFO-FILE:scraper.py-FUNC:get_image-LINE:50-An image was successfully downloaded. File name: img_4.jpeg
12-09 16:01-INFO-FILE:scraper.py-FUNC:get_image-LINE:50-An image was successfully downloaded. File name: img_5.jpeg
12-09 16:01-INFO-FILE:scraper.py-FUNC:get_image-LINE:50-An image was successfully downloaded. File name: img_6.jpeg
12-09 16:01-INFO-FILE:scraper.py-FUNC:get_image-LINE:50-An image was successfully downloaded. File name: img_7.jpeg
12-09 16:01-INFO-FILE:scraper.py-FUNC:get_image-LINE:50-An image was successfully downloaded. File name: img_8.jpeg
12-09 16:01-INFO-FILE:scraper.py-FUNC:get_image-LINE:50-An image was successfully downloaded. File name: img_9.jpeg
12-09 16:01-INFO-FILE:scraper.py-FUNC:get_image-LINE:50-An image was successfully downloaded. File name: img_10.jpeg
12-09 16:01-INFO-FILE:scraper.py-FUNC:get_image-LINE:50-An image was successfully downloaded. File name: img_11.jpeg
12-09 16:01-INFO-FILE:scraper.py-FUNC:get_image-LINE:50-An image was successfully downloaded. File name: img_12.jpeg
12-09 16:01-CRITICAL-FILE:scraper.py-FUNC:get_image-LINE:52-The following error has occurred:unknown url type: '//d2196qnssmcium.cloudfront.net/static/img/addthis_facebook-27b3bf154a39074e558bc19a5bcd5787.gif'
12-09 16:01-CRITICAL-FILE:scraper.py-FUNC:get_image-LINE:52-The following error has occurred:unknown url type: '//d2196qnssmcium.cloudfront.net/static/img/addthis_twitter-e571087b125dfd231014482a6587f5c4.gif'
12-09 16:01-CRITICAL-FILE:scraper.py-FUNC:get_image-LINE:52-The following error has occurred:unknown url type: '//d2196qnssmcium.cloudfront.net/static/img/addthis_email-2771bca38eb671644661b63a354e47ab.gif'
12-09 16:01-CRITICAL-FILE:scraper.py-FUNC:get_image-LINE:52-The following error has occurred:unknown url type: '//d2196qnssmcium.cloudfront.net/static/img/detailsFirstLookProgram_sm-f50273d31f2655385f3c99857bb86ce6.png'
12-09 16:01-CRITICAL-FILE:scraper.py-FUNC:get_image-LINE:52-The following error has occurred:unknown url type: '//d2196qnssmcium.cloudfront.net/static/img/needclosingcostassistance-fde2fa162d6d341225813d799e86f1e4.jpg'
12-09 16:01-CRITICAL-FILE:scraper.py-FUNC:get_image-LINE:52-The following error has occurred:unknown url type: '//d2196qnssmcium.cloudfront.net/static/img/readybuye-right-col-add-ff0dbd417b04a26a1bbd8b1aa27ee8e2.jpg'
12-09 16:01-CRITICAL-FILE:scraper.py-FUNC:get_image-LINE:52-The following error has occurred:unknown url type: '//d2196qnssmcium.cloudfront.net/static/img/homeready-right-col-add-662e9cef0957dccb0d93040af60a82f3.jpg'
12-09 16:01-CRITICAL-FILE:scraper.py-FUNC:get_image-LINE:52-The following error has occurred:unknown url type: '//d2196qnssmcium.cloudfront.net/static/img/fannieMaeLogo.svg?v=1'
12-09 16:01-CRITICAL-FILE:scraper.py-FUNC:get_image-LINE:52-The following error has occurred:unknown url type: '//d2196qnssmcium.cloudfront.net/static/img/btn-app-store.png?v=1'
12-09 16:01-CRITICAL-FILE:scraper.py-FUNC:get_image-LINE:52-The following error has occurred:unknown url type: '//d2196qnssmcium.cloudfront.net/static/img/btn-google-play.png?v=1'
12-09 16:01-CRITICAL-FILE:scraper.py-FUNC:get_image-LINE:52-The following error has occurred:unknown url type: '//d2196qnssmcium.cloudfront.net/static/img/logoEqualHousing-5c2e72a64221424d5e765ec3a8382226.jpg'
12-09 16:01-INFO-FILE:scraper.py-FUNC:info_data-LINE:207-info_data has been Successfully called
12-09 16:01-INFO-FILE:scraper.py-FUNC:full_address-LINE:95-Successfully returned address : 258 N Main St Apt C19
Spring Valley, New York 10977
12-09 16:01-INFO-FILE:scraper.py-FUNC:reo_id-LINE:121-Successfully returned on reo_id
12-09 16:01-INFO-FILE:scraper.py-FUNC:mls_id-LINE:130-Successfully returned on mls_id
12-09 16:01-INFO-FILE:scraper.py-FUNC:agent_name-LINE:140-Successfully returned on agent_name
12-09 16:01-INFO-FILE:scraper.py-FUNC:agent_phone-LINE:151-Successfully returned on agent_phone
12-09 16:01-INFO-FILE:scraper.py-FUNC:agent_company_name-LINE:162-Successfully returned on agent_company_name
12-09 16:01-INFO-FILE:scraper.py-FUNC:agent_company_phone-LINE:173-Successfully returned on agent_company_phone
12-09 16:01-INFO-FILE:scraper.py-FUNC:agent_company_address-LINE:184-Successfully returned on agent_company_address
12-09 16:01-CRITICAL-FILE:scraper.py-FUNC:description-LINE:199-The following error has occurred:Message: invalid selector: An invalid or illegal selector was specified
  (Session info: chrome=87.0.4280.88)

12-09 16:01-INFO-FILE:scraper.py-FUNC:info_data-LINE:207-info_data has been Successfully called
12-09 16:01-INFO-FILE:scraper.py-FUNC:full_address-LINE:95-Successfully returned address : 258 N Main St Apt C19
Spring Valley, New York 10977
12-09 16:01-INFO-FILE:scraper.py-FUNC:reo_id-LINE:121-Successfully returned on reo_id
12-09 16:01-INFO-FILE:scraper.py-FUNC:mls_id-LINE:130-Successfully returned on mls_id
12-09 16:01-INFO-FILE:scraper.py-FUNC:agent_name-LINE:140-Successfully returned on agent_name
12-09 16:01-INFO-FILE:scraper.py-FUNC:agent_phone-LINE:151-Successfully returned on agent_phone
12-09 16:01-INFO-FILE:scraper.py-FUNC:agent_company_name-LINE:162-Successfully returned on agent_company_name
12-09 16:01-INFO-FILE:scraper.py-FUNC:agent_company_phone-LINE:173-Successfully returned on agent_company_phone
12-09 16:01-INFO-FILE:scraper.py-FUNC:agent_company_address-LINE:184-Successfully returned on agent_company_address
12-09 16:01-CRITICAL-FILE:scraper.py-FUNC:description-LINE:199-The following error has occurred:Message: invalid selector: An invalid or illegal selector was specified
  (Session info: chrome=87.0.4280.88)

12-09 16:01-INFO-FILE:scraper.py-FUNC:table_data-LINE:239-table_data has been Successfully called
12-09 16:01-INFO-FILE:scraper.py-FUNC:table_data-LINE:239-table_data has been Successfully called
12-09 16:01-INFO-FILE:scraper.py-FUNC:full_address-LINE:95-Successfully returned address : 258 N Main St Apt C19
Spring Valley, New York 10977
12-09 16:01-INFO-FILE:scraper.py-FUNC:reo_id-LINE:121-Successfully returned on reo_id
12-09 16:01-INFO-FILE:scraper.py-FUNC:mls_id-LINE:130-Successfully returned on mls_id
12-09 16:01-INFO-FILE:scraper.py-FUNC:agent_name-LINE:140-Successfully returned on agent_name
12-09 16:01-INFO-FILE:scraper.py-FUNC:agent_phone-LINE:151-Successfully returned on agent_phone
12-09 16:01-INFO-FILE:scraper.py-FUNC:agent_company_name-LINE:162-Successfully returned on agent_company_name
12-09 16:01-INFO-FILE:scraper.py-FUNC:agent_company_phone-LINE:173-Successfully returned on agent_company_phone
12-09 16:01-INFO-FILE:scraper.py-FUNC:agent_company_address-LINE:184-Successfully returned on agent_company_address
12-09 16:01-CRITICAL-FILE:scraper.py-FUNC:description-LINE:199-The following error has occurred:Message: invalid selector: An invalid or illegal selector was specified
  (Session info: chrome=87.0.4280.88)

12-09 16:01-INFO-FILE:scraper.py-FUNC:table_data-LINE:239-table_data has been Successfully called
12-09 16:01-INFO-FILE:scraper.py-FUNC:table_data-LINE:239-table_data has been Successfully called
12-09 16:01-INFO-FILE:scraper.py-FUNC:table_data-LINE:239-table_data has been Successfully called
12-09 16:01-INFO-FILE:main.py-FUNC:do_the_actual_work-LINE:110-Success! data has been inserted into SQL tables
12-09 16:01-INFO-FILE:main.py-FUNC:do_the_actual_work-LINE:98-Url from page is under proccess
12-09 16:01-INFO-FILE:scraper.py-FUNC:driver_get-LINE:65-driver.get was successfully made on the following url: https://www.homepath.com/listing/9-edward-st-ossining-ny-10562-46379736
12-09 16:01-CRITICAL-FILE:scraper.py-FUNC:get_image-LINE:52-The following error has occurred:unknown url type: '//d2196qnssmcium.cloudfront.net/static/img/logo-hp-1833910cc693e2e4425203c594fd3dd7.svg'
12-09 16:01-INFO-FILE:scraper.py-FUNC:get_image-LINE:50-An image was successfully downloaded. File name: img_1.png
12-09 16:01-INFO-FILE:scraper.py-FUNC:get_image-LINE:50-An image was successfully downloaded. File name: img_2.png
12-09 16:01-INFO-FILE:scraper.py-FUNC:get_image-LINE:50-An image was successfully downloaded. File name: img_3.png
12-09 16:01-INFO-FILE:scraper.py-FUNC:get_image-LINE:50-An image was successfully downloaded. File name: img_4.png
12-09 16:01-INFO-FILE:scraper.py-FUNC:get_image-LINE:50-An image was successfully downloaded. File name: img_5.png
12-09 16:01-INFO-FILE:scraper.py-FUNC:get_image-LINE:50-An image was successfully downloaded. File name: img_6.png
12-09 16:01-INFO-FILE:scraper.py-FUNC:get_image-LINE:50-An image was successfully downloaded. File name: img_7.png
12-09 16:01-INFO-FILE:scraper.py-FUNC:get_image-LINE:50-An image was successfully downloaded. File name: img_8.png
12-09 16:01-INFO-FILE:scraper.py-FUNC:get_image-LINE:50-An image was successfully downloaded. File name: img_9.png
12-09 16:01-INFO-FILE:scraper.py-FUNC:get_image-LINE:50-An image was successfully downloaded. File name: img_10.png
12-09 16:01-INFO-FILE:scraper.py-FUNC:get_image-LINE:50-An image was successfully downloaded. File name: img_11.png
12-09 16:01-INFO-FILE:scraper.py-FUNC:get_image-LINE:50-An image was successfully downloaded. File name: img_12.png
12-09 16:02-INFO-FILE:scraper.py-FUNC:get_image-LINE:50-An image was successfully downloaded. File name: img_13.png
12-09 16:02-INFO-FILE:scraper.py-FUNC:get_image-LINE:50-An image was successfully downloaded. File name: img_14.png
12-09 16:02-INFO-FILE:scraper.py-FUNC:get_image-LINE:50-An image was successfully downloaded. File name: img_15.png
12-09 16:02-INFO-FILE:scraper.py-FUNC:get_image-LINE:50-An image was successfully downloaded. File name: img_16.png
12-09 16:02-INFO-FILE:scraper.py-FUNC:get_image-LINE:50-An image was successfully downloaded. File name: img_17.png
12-09 16:02-INFO-FILE:scraper.py-FUNC:get_image-LINE:50-An image was successfully downloaded. File name: img_18.png
12-09 16:02-INFO-FILE:scraper.py-FUNC:get_image-LINE:50-An image was successfully downloaded. File name: img_19.png
12-09 16:02-INFO-FILE:scraper.py-FUNC:get_image-LINE:50-An image was successfully downloaded. File name: img_20.png
12-09 16:02-INFO-FILE:scraper.py-FUNC:get_image-LINE:50-An image was successfully downloaded. File name: img_21.png
12-09 16:02-INFO-FILE:scraper.py-FUNC:get_image-LINE:50-An image was successfully downloaded. File name: img_22.png
12-09 16:02-INFO-FILE:scraper.py-FUNC:get_image-LINE:50-An image was successfully downloaded. File name: img_23.png
12-09 16:02-INFO-FILE:scraper.py-FUNC:get_image-LINE:50-An image was successfully downloaded. File name: img_24.png
12-09 16:02-INFO-FILE:scraper.py-FUNC:get_image-LINE:50-An image was successfully downloaded. File name: img_25.png
12-09 16:02-INFO-FILE:scraper.py-FUNC:get_image-LINE:50-An image was successfully downloaded. File name: img_26.png
12-09 16:02-INFO-FILE:scraper.py-FUNC:get_image-LINE:50-An image was successfully downloaded. File name: img_27.png
12-09 16:02-INFO-FILE:scraper.py-FUNC:get_image-LINE:50-An image was successfully downloaded. File name: img_28.png
12-09 16:02-INFO-FILE:scraper.py-FUNC:get_image-LINE:50-An image was successfully downloaded. File name: img_29.png
12-09 16:02-INFO-FILE:scraper.py-FUNC:get_image-LINE:50-An image was successfully downloaded. File name: img_30.png
12-09 16:02-INFO-FILE:scraper.py-FUNC:get_image-LINE:50-An image was successfully downloaded. File name: img_31.png
12-09 16:02-CRITICAL-FILE:scraper.py-FUNC:get_image-LINE:52-The following error has occurred:unknown url type: '//d2196qnssmcium.cloudfront.net/static/img/addthis_facebook-27b3bf154a39074e558bc19a5bcd5787.gif'
12-09 16:02-CRITICAL-FILE:scraper.py-FUNC:get_image-LINE:52-The following error has occurred:unknown url type: '//d2196qnssmcium.cloudfront.net/static/img/addthis_twitter-e571087b125dfd231014482a6587f5c4.gif'
12-09 16:02-CRITICAL-FILE:scraper.py-FUNC:get_image-LINE:52-The following error has occurred:unknown url type: '//d2196qnssmcium.cloudfront.net/static/img/addthis_email-2771bca38eb671644661b63a354e47ab.gif'
12-09 16:02-CRITICAL-FILE:scraper.py-FUNC:get_image-LINE:52-The following error has occurred:unknown url type: '//d2196qnssmcium.cloudfront.net/hp/contact-image/493451/80/80?v=20201208'
12-09 16:02-CRITICAL-FILE:scraper.py-FUNC:get_image-LINE:52-The following error has occurred:unknown url type: '//d2196qnssmcium.cloudfront.net/static/img/detailsFirstLookProgram_sm-f50273d31f2655385f3c99857bb86ce6.png'
12-09 16:02-CRITICAL-FILE:scraper.py-FUNC:get_image-LINE:52-The following error has occurred:unknown url type: '//d2196qnssmcium.cloudfront.net/static/img/needclosingcostassistance-fde2fa162d6d341225813d799e86f1e4.jpg'
12-09 16:02-CRITICAL-FILE:scraper.py-FUNC:get_image-LINE:52-The following error has occurred:unknown url type: '//d2196qnssmcium.cloudfront.net/static/img/readybuye-right-col-add-ff0dbd417b04a26a1bbd8b1aa27ee8e2.jpg'
12-09 16:02-CRITICAL-FILE:scraper.py-FUNC:get_image-LINE:52-The following error has occurred:unknown url type: '//d2196qnssmcium.cloudfront.net/static/img/homeready-right-col-add-662e9cef0957dccb0d93040af60a82f3.jpg'
12-09 16:02-CRITICAL-FILE:scraper.py-FUNC:get_image-LINE:52-The following error has occurred:unknown url type: '//d2196qnssmcium.cloudfront.net/static/img/fannieMaeLogo.svg?v=1'
12-09 16:02-CRITICAL-FILE:scraper.py-FUNC:get_image-LINE:52-The following error has occurred:unknown url type: '//d2196qnssmcium.cloudfront.net/static/img/btn-app-store.png?v=1'
12-09 16:02-CRITICAL-FILE:scraper.py-FUNC:get_image-LINE:52-The following error has occurred:unknown url type: '//d2196qnssmcium.cloudfront.net/static/img/btn-google-play.png?v=1'
12-09 16:02-CRITICAL-FILE:scraper.py-FUNC:get_image-LINE:52-The following error has occurred:unknown url type: '//d2196qnssmcium.cloudfront.net/static/img/logoEqualHousing-5c2e72a64221424d5e765ec3a8382226.jpg'
12-09 16:02-INFO-FILE:scraper.py-FUNC:info_data-LINE:207-info_data has been Successfully called
12-09 16:02-INFO-FILE:scraper.py-FUNC:full_address-LINE:95-Successfully returned address : 9 Edward St
Ossining, New York 10562
12-09 16:02-INFO-FILE:scraper.py-FUNC:reo_id-LINE:121-Successfully returned on reo_id
12-09 16:02-INFO-FILE:scraper.py-FUNC:mls_id-LINE:130-Successfully returned on mls_id
12-09 16:02-INFO-FILE:scraper.py-FUNC:agent_name-LINE:140-Successfully returned on agent_name
12-09 16:02-INFO-FILE:scraper.py-FUNC:agent_phone-LINE:151-Successfully returned on agent_phone
12-09 16:02-INFO-FILE:scraper.py-FUNC:agent_company_name-LINE:162-Successfully returned on agent_company_name
12-09 16:02-INFO-FILE:scraper.py-FUNC:agent_company_phone-LINE:173-Successfully returned on agent_company_phone
12-09 16:02-INFO-FILE:scraper.py-FUNC:agent_company_address-LINE:184-Successfully returned on agent_company_address
12-09 16:02-CRITICAL-FILE:scraper.py-FUNC:description-LINE:199-The following error has occurred:Message: invalid selector: An invalid or illegal selector was specified
  (Session info: chrome=87.0.4280.88)

12-09 16:02-INFO-FILE:scraper.py-FUNC:info_data-LINE:207-info_data has been Successfully called
12-09 16:02-INFO-FILE:scraper.py-FUNC:full_address-LINE:95-Successfully returned address : 9 Edward St
Ossining, New York 10562
12-09 16:02-INFO-FILE:scraper.py-FUNC:reo_id-LINE:121-Successfully returned on reo_id
12-09 16:02-INFO-FILE:scraper.py-FUNC:mls_id-LINE:130-Successfully returned on mls_id
12-09 16:02-INFO-FILE:scraper.py-FUNC:agent_name-LINE:140-Successfully returned on agent_name
12-09 16:02-INFO-FILE:scraper.py-FUNC:agent_phone-LINE:151-Successfully returned on agent_phone
12-09 16:02-INFO-FILE:scraper.py-FUNC:agent_company_name-LINE:162-Successfully returned on agent_company_name
12-09 16:02-INFO-FILE:scraper.py-FUNC:agent_company_phone-LINE:173-Successfully returned on agent_company_phone
12-09 16:02-INFO-FILE:scraper.py-FUNC:agent_company_address-LINE:184-Successfully returned on agent_company_address
12-09 16:02-CRITICAL-FILE:scraper.py-FUNC:description-LINE:199-The following error has occurred:Message: invalid selector: An invalid or illegal selector was specified
  (Session info: chrome=87.0.4280.88)

12-09 16:02-INFO-FILE:scraper.py-FUNC:table_data-LINE:239-table_data has been Successfully called
12-09 16:02-INFO-FILE:scraper.py-FUNC:table_data-LINE:239-table_data has been Successfully called
12-09 16:02-INFO-FILE:scraper.py-FUNC:full_address-LINE:95-Successfully returned address : 9 Edward St
Ossining, New York 10562
12-09 16:02-INFO-FILE:scraper.py-FUNC:reo_id-LINE:121-Successfully returned on reo_id
12-09 16:02-INFO-FILE:scraper.py-FUNC:mls_id-LINE:130-Successfully returned on mls_id
12-09 16:02-INFO-FILE:scraper.py-FUNC:agent_name-LINE:140-Successfully returned on agent_name
12-09 16:02-INFO-FILE:scraper.py-FUNC:agent_phone-LINE:151-Successfully returned on agent_phone
12-09 16:02-INFO-FILE:scraper.py-FUNC:agent_company_name-LINE:162-Successfully returned on agent_company_name
12-09 16:02-INFO-FILE:scraper.py-FUNC:agent_company_phone-LINE:173-Successfully returned on agent_company_phone
12-09 16:02-INFO-FILE:scraper.py-FUNC:agent_company_address-LINE:184-Successfully returned on agent_company_address
12-09 16:02-CRITICAL-FILE:scraper.py-FUNC:description-LINE:199-The following error has occurred:Message: invalid selector: An invalid or illegal selector was specified
  (Session info: chrome=87.0.4280.88)

12-09 16:02-INFO-FILE:scraper.py-FUNC:table_data-LINE:239-table_data has been Successfully called
12-09 16:02-INFO-FILE:scraper.py-FUNC:table_data-LINE:239-table_data has been Successfully called
12-09 16:02-INFO-FILE:scraper.py-FUNC:table_data-LINE:239-table_data has been Successfully called
12-09 16:02-INFO-FILE:main.py-FUNC:do_the_actual_work-LINE:110-Success! data has been inserted into SQL tables
12-09 16:02-INFO-FILE:main.py-FUNC:do_the_actual_work-LINE:98-Url from page is under proccess
12-09 16:02-INFO-FILE:scraper.py-FUNC:driver_get-LINE:65-driver.get was successfully made on the following url: https://www.homepath.com/listing/6-wynthrop-manor-dr-goshen-ny-10924-46364160
12-09 16:02-CRITICAL-FILE:scraper.py-FUNC:get_image-LINE:52-The following error has occurred:unknown url type: '//d2196qnssmcium.cloudfront.net/static/img/logo-hp-1833910cc693e2e4425203c594fd3dd7.svg'
12-09 16:02-INFO-FILE:scraper.py-FUNC:get_image-LINE:50-An image was successfully downloaded. File name: img_1.jpg
12-09 16:02-INFO-FILE:scraper.py-FUNC:get_image-LINE:50-An image was successfully downloaded. File name: img_2.jpg
12-09 16:02-INFO-FILE:scraper.py-FUNC:get_image-LINE:50-An image was successfully downloaded. File name: img_3.jpg
12-09 16:02-INFO-FILE:scraper.py-FUNC:get_image-LINE:50-An image was successfully downloaded. File name: img_4.jpg
12-09 16:02-INFO-FILE:scraper.py-FUNC:get_image-LINE:50-An image was successfully downloaded. File name: img_5.jpg
12-09 16:02-INFO-FILE:scraper.py-FUNC:get_image-LINE:50-An image was successfully downloaded. File name: img_6.jpg
12-09 16:02-INFO-FILE:scraper.py-FUNC:get_image-LINE:50-An image was successfully downloaded. File name: img_7.jpg
12-09 16:02-INFO-FILE:scraper.py-FUNC:get_image-LINE:50-An image was successfully downloaded. File name: img_8.jpg
12-09 16:02-INFO-FILE:scraper.py-FUNC:get_image-LINE:50-An image was successfully downloaded. File name: img_9.jpg
12-09 16:02-INFO-FILE:scraper.py-FUNC:get_image-LINE:50-An image was successfully downloaded. File name: img_10.jpg
12-09 16:02-INFO-FILE:scraper.py-FUNC:get_image-LINE:50-An image was successfully downloaded. File name: img_11.jpg
12-09 16:02-INFO-FILE:scraper.py-FUNC:get_image-LINE:50-An image was successfully downloaded. File name: img_12.jpg
12-09 16:02-INFO-FILE:scraper.py-FUNC:get_image-LINE:50-An image was successfully downloaded. File name: img_13.jpg
12-09 16:02-INFO-FILE:scraper.py-FUNC:get_image-LINE:50-An image was successfully downloaded. File name: img_14.jpg
12-09 16:02-INFO-FILE:scraper.py-FUNC:get_image-LINE:50-An image was successfully downloaded. File name: img_15.jpg
12-09 16:02-INFO-FILE:scraper.py-FUNC:get_image-LINE:50-An image was successfully downloaded. File name: img_16.jpg
12-09 16:02-CRITICAL-FILE:scraper.py-FUNC:get_image-LINE:52-The following error has occurred:unknown url type: '//d2196qnssmcium.cloudfront.net/static/img/addthis_facebook-27b3bf154a39074e558bc19a5bcd5787.gif'
12-09 16:02-CRITICAL-FILE:scraper.py-FUNC:get_image-LINE:52-The following error has occurred:unknown url type: '//d2196qnssmcium.cloudfront.net/static/img/addthis_twitter-e571087b125dfd231014482a6587f5c4.gif'
12-09 16:02-CRITICAL-FILE:scraper.py-FUNC:get_image-LINE:52-The following error has occurred:unknown url type: '//d2196qnssmcium.cloudfront.net/static/img/addthis_email-2771bca38eb671644661b63a354e47ab.gif'
12-09 16:02-CRITICAL-FILE:scraper.py-FUNC:get_image-LINE:52-The following error has occurred:unknown url type: '//d2196qnssmcium.cloudfront.net/static/img/detailsFirstLookProgram_sm-f50273d31f2655385f3c99857bb86ce6.png'
12-09 16:02-CRITICAL-FILE:scraper.py-FUNC:get_image-LINE:52-The following error has occurred:unknown url type: '/static/img/details_icons/improved_by_home_depot.png'
12-09 16:02-CRITICAL-FILE:scraper.py-FUNC:get_image-LINE:52-The following error has occurred:unknown url type: '//d2196qnssmcium.cloudfront.net/static/img/needclosingcostassistance-fde2fa162d6d341225813d799e86f1e4.jpg'
12-09 16:02-CRITICAL-FILE:scraper.py-FUNC:get_image-LINE:52-The following error has occurred:unknown url type: '//d2196qnssmcium.cloudfront.net/static/img/readybuye-right-col-add-ff0dbd417b04a26a1bbd8b1aa27ee8e2.jpg'
12-09 16:02-CRITICAL-FILE:scraper.py-FUNC:get_image-LINE:52-The following error has occurred:unknown url type: '//d2196qnssmcium.cloudfront.net/static/img/homeready-right-col-add-662e9cef0957dccb0d93040af60a82f3.jpg'
12-09 16:02-CRITICAL-FILE:scraper.py-FUNC:get_image-LINE:52-The following error has occurred:unknown url type: '//d2196qnssmcium.cloudfront.net/static/img/fannieMaeLogo.svg?v=1'
12-09 16:02-CRITICAL-FILE:scraper.py-FUNC:get_image-LINE:52-The following error has occurred:unknown url type: '//d2196qnssmcium.cloudfront.net/static/img/btn-app-store.png?v=1'
12-09 16:02-CRITICAL-FILE:scraper.py-FUNC:get_image-LINE:52-The following error has occurred:unknown url type: '//d2196qnssmcium.cloudfront.net/static/img/btn-google-play.png?v=1'
12-09 16:02-CRITICAL-FILE:scraper.py-FUNC:get_image-LINE:52-The following error has occurred:unknown url type: '//d2196qnssmcium.cloudfront.net/static/img/logoEqualHousing-5c2e72a64221424d5e765ec3a8382226.jpg'
12-09 16:02-INFO-FILE:scraper.py-FUNC:info_data-LINE:207-info_data has been Successfully called
12-09 16:02-INFO-FILE:scraper.py-FUNC:full_address-LINE:95-Successfully returned address : 6 Wynthrop Manor Dr
Goshen, New York 10924
12-09 16:02-INFO-FILE:scraper.py-FUNC:reo_id-LINE:121-Successfully returned on reo_id
12-09 16:02-INFO-FILE:scraper.py-FUNC:mls_id-LINE:130-Successfully returned on mls_id
12-09 16:02-INFO-FILE:scraper.py-FUNC:agent_name-LINE:140-Successfully returned on agent_name
12-09 16:02-INFO-FILE:scraper.py-FUNC:agent_phone-LINE:151-Successfully returned on agent_phone
12-09 16:02-INFO-FILE:scraper.py-FUNC:agent_company_name-LINE:162-Successfully returned on agent_company_name
12-09 16:02-INFO-FILE:scraper.py-FUNC:agent_company_phone-LINE:173-Successfully returned on agent_company_phone
12-09 16:02-INFO-FILE:scraper.py-FUNC:agent_company_address-LINE:184-Successfully returned on agent_company_address
12-09 16:02-CRITICAL-FILE:scraper.py-FUNC:description-LINE:199-The following error has occurred:Message: invalid selector: An invalid or illegal selector was specified
  (Session info: chrome=87.0.4280.88)

12-09 16:02-INFO-FILE:scraper.py-FUNC:info_data-LINE:207-info_data has been Successfully called
12-09 16:02-INFO-FILE:scraper.py-FUNC:full_address-LINE:95-Successfully returned address : 6 Wynthrop Manor Dr
Goshen, New York 10924
12-09 16:02-INFO-FILE:scraper.py-FUNC:reo_id-LINE:121-Successfully returned on reo_id
12-09 16:02-INFO-FILE:scraper.py-FUNC:mls_id-LINE:130-Successfully returned on mls_id
12-09 16:02-INFO-FILE:scraper.py-FUNC:agent_name-LINE:140-Successfully returned on agent_name
12-09 16:02-INFO-FILE:scraper.py-FUNC:agent_phone-LINE:151-Successfully returned on agent_phone
12-09 16:02-INFO-FILE:scraper.py-FUNC:agent_company_name-LINE:162-Successfully returned on agent_company_name
12-09 16:02-INFO-FILE:scraper.py-FUNC:agent_company_phone-LINE:173-Successfully returned on agent_company_phone
12-09 16:02-INFO-FILE:scraper.py-FUNC:agent_company_address-LINE:184-Successfully returned on agent_company_address
12-09 16:02-CRITICAL-FILE:scraper.py-FUNC:description-LINE:199-The following error has occurred:Message: invalid selector: An invalid or illegal selector was specified
  (Session info: chrome=87.0.4280.88)

12-09 16:02-INFO-FILE:scraper.py-FUNC:table_data-LINE:239-table_data has been Successfully called
12-09 16:02-INFO-FILE:scraper.py-FUNC:table_data-LINE:239-table_data has been Successfully called
12-09 16:02-INFO-FILE:scraper.py-FUNC:full_address-LINE:95-Successfully returned address : 6 Wynthrop Manor Dr
Goshen, New York 10924
12-09 16:02-INFO-FILE:scraper.py-FUNC:reo_id-LINE:121-Successfully returned on reo_id
12-09 16:02-INFO-FILE:scraper.py-FUNC:mls_id-LINE:130-Successfully returned on mls_id
12-09 16:02-INFO-FILE:scraper.py-FUNC:agent_name-LINE:140-Successfully returned on agent_name
12-09 16:02-INFO-FILE:scraper.py-FUNC:agent_phone-LINE:151-Successfully returned on agent_phone
12-09 16:02-INFO-FILE:scraper.py-FUNC:agent_company_name-LINE:162-Successfully returned on agent_company_name
12-09 16:02-INFO-FILE:scraper.py-FUNC:agent_company_phone-LINE:173-Successfully returned on agent_company_phone
12-09 16:02-INFO-FILE:scraper.py-FUNC:agent_company_address-LINE:184-Successfully returned on agent_company_address
12-09 16:02-CRITICAL-FILE:scraper.py-FUNC:description-LINE:199-The following error has occurred:Message: invalid selector: An invalid or illegal selector was specified
  (Session info: chrome=87.0.4280.88)

12-09 16:02-INFO-FILE:scraper.py-FUNC:table_data-LINE:239-table_data has been Successfully called
12-09 16:02-INFO-FILE:scraper.py-FUNC:table_data-LINE:239-table_data has been Successfully called
12-09 16:02-INFO-FILE:scraper.py-FUNC:table_data-LINE:239-table_data has been Successfully called
12-09 16:02-INFO-FILE:main.py-FUNC:do_the_actual_work-LINE:110-Success! data has been inserted into SQL tables
12-09 16:02-INFO-FILE:main.py-FUNC:do_the_actual_work-LINE:98-Url from page is under proccess
12-09 16:02-INFO-FILE:scraper.py-FUNC:driver_get-LINE:65-driver.get was successfully made on the following url: https://www.homepath.com/listing/28-greenmeadow-ct-deer-park-ny-11729-46234000
12-09 16:02-CRITICAL-FILE:scraper.py-FUNC:get_image-LINE:52-The following error has occurred:unknown url type: '//d2196qnssmcium.cloudfront.net/static/img/logo-hp-1833910cc693e2e4425203c594fd3dd7.svg'
12-09 16:02-INFO-FILE:scraper.py-FUNC:get_image-LINE:50-An image was successfully downloaded. File name: img_1.jpg
12-09 16:02-INFO-FILE:scraper.py-FUNC:get_image-LINE:50-An image was successfully downloaded. File name: img_2.jpg
12-09 16:02-INFO-FILE:scraper.py-FUNC:get_image-LINE:50-An image was successfully downloaded. File name: img_3.jpg
12-09 16:02-INFO-FILE:scraper.py-FUNC:get_image-LINE:50-An image was successfully downloaded. File name: img_4.jpg
12-09 16:02-INFO-FILE:scraper.py-FUNC:get_image-LINE:50-An image was successfully downloaded. File name: img_5.jpg
12-09 16:03-INFO-FILE:scraper.py-FUNC:get_image-LINE:50-An image was successfully downloaded. File name: img_6.jpg
12-09 16:03-INFO-FILE:scraper.py-FUNC:get_image-LINE:50-An image was successfully downloaded. File name: img_7.jpg
12-09 16:03-INFO-FILE:scraper.py-FUNC:get_image-LINE:50-An image was successfully downloaded. File name: img_8.jpg
12-09 16:03-INFO-FILE:scraper.py-FUNC:get_image-LINE:50-An image was successfully downloaded. File name: img_9.jpg
12-09 16:03-INFO-FILE:scraper.py-FUNC:get_image-LINE:50-An image was successfully downloaded. File name: img_10.jpg
12-09 16:03-INFO-FILE:scraper.py-FUNC:get_image-LINE:50-An image was successfully downloaded. File name: img_11.jpg
12-09 16:03-INFO-FILE:scraper.py-FUNC:get_image-LINE:50-An image was successfully downloaded. File name: img_12.jpg
12-09 16:03-INFO-FILE:scraper.py-FUNC:get_image-LINE:50-An image was successfully downloaded. File name: img_13.jpg
12-09 16:03-INFO-FILE:scraper.py-FUNC:get_image-LINE:50-An image was successfully downloaded. File name: img_14.jpg
12-09 16:03-INFO-FILE:scraper.py-FUNC:get_image-LINE:50-An image was successfully downloaded. File name: img_15.jpg
12-09 16:03-INFO-FILE:scraper.py-FUNC:get_image-LINE:50-An image was successfully downloaded. File name: img_16.jpg
12-09 16:03-CRITICAL-FILE:scraper.py-FUNC:get_image-LINE:52-The following error has occurred:unknown url type: '//d2196qnssmcium.cloudfront.net/static/img/addthis_facebook-27b3bf154a39074e558bc19a5bcd5787.gif'
12-09 16:03-CRITICAL-FILE:scraper.py-FUNC:get_image-LINE:52-The following error has occurred:unknown url type: '//d2196qnssmcium.cloudfront.net/static/img/addthis_twitter-e571087b125dfd231014482a6587f5c4.gif'
12-09 16:03-CRITICAL-FILE:scraper.py-FUNC:get_image-LINE:52-The following error has occurred:unknown url type: '//d2196qnssmcium.cloudfront.net/static/img/addthis_email-2771bca38eb671644661b63a354e47ab.gif'
12-09 16:03-CRITICAL-FILE:scraper.py-FUNC:get_image-LINE:52-The following error has occurred:unknown url type: '//d2196qnssmcium.cloudfront.net/hp/contact-image/375102/80/80?v=20201208'
12-09 16:03-CRITICAL-FILE:scraper.py-FUNC:get_image-LINE:52-The following error has occurred:unknown url type: '/static/img/details_icons/improved_by_fannie_mae.png'
12-09 16:03-CRITICAL-FILE:scraper.py-FUNC:get_image-LINE:52-The following error has occurred:unknown url type: '//d2196qnssmcium.cloudfront.net/static/img/needclosingcostassistance-fde2fa162d6d341225813d799e86f1e4.jpg'
12-09 16:03-CRITICAL-FILE:scraper.py-FUNC:get_image-LINE:52-The following error has occurred:unknown url type: '//d2196qnssmcium.cloudfront.net/static/img/readybuye-right-col-add-ff0dbd417b04a26a1bbd8b1aa27ee8e2.jpg'
12-09 16:03-CRITICAL-FILE:scraper.py-FUNC:get_image-LINE:52-The following error has occurred:unknown url type: '//d2196qnssmcium.cloudfront.net/static/img/homeready-right-col-add-662e9cef0957dccb0d93040af60a82f3.jpg'
12-09 16:03-CRITICAL-FILE:scraper.py-FUNC:get_image-LINE:52-The following error has occurred:unknown url type: '//d2196qnssmcium.cloudfront.net/static/img/fannieMaeLogo.svg?v=1'
12-09 16:03-CRITICAL-FILE:scraper.py-FUNC:get_image-LINE:52-The following error has occurred:unknown url type: '//d2196qnssmcium.cloudfront.net/static/img/btn-app-store.png?v=1'
12-09 16:03-CRITICAL-FILE:scraper.py-FUNC:get_image-LINE:52-The following error has occurred:unknown url type: '//d2196qnssmcium.cloudfront.net/static/img/btn-google-play.png?v=1'
12-09 16:03-CRITICAL-FILE:scraper.py-FUNC:get_image-LINE:52-The following error has occurred:unknown url type: '//d2196qnssmcium.cloudfront.net/static/img/logoEqualHousing-5c2e72a64221424d5e765ec3a8382226.jpg'
12-09 16:03-INFO-FILE:scraper.py-FUNC:info_data-LINE:207-info_data has been Successfully called
12-09 16:03-INFO-FILE:scraper.py-FUNC:full_address-LINE:95-Successfully returned address : 28 Greenmeadow Ct
Deer Park, New York 11729
12-09 16:03-INFO-FILE:scraper.py-FUNC:reo_id-LINE:121-Successfully returned on reo_id
12-09 16:03-INFO-FILE:scraper.py-FUNC:mls_id-LINE:130-Successfully returned on mls_id
12-09 16:03-INFO-FILE:scraper.py-FUNC:agent_name-LINE:140-Successfully returned on agent_name
12-09 16:03-INFO-FILE:scraper.py-FUNC:agent_phone-LINE:151-Successfully returned on agent_phone
12-09 16:03-INFO-FILE:scraper.py-FUNC:agent_company_name-LINE:162-Successfully returned on agent_company_name
12-09 16:03-CRITICAL-FILE:scraper.py-FUNC:agent_company_phone-LINE:177-The following error has occurred:Message: no such element: Unable to locate element: {"method":"css selector","selector":".company-phone"}
  (Session info: chrome=87.0.4280.88)

12-09 16:03-INFO-FILE:scraper.py-FUNC:agent_company_address-LINE:184-Successfully returned on agent_company_address
12-09 16:03-CRITICAL-FILE:scraper.py-FUNC:description-LINE:199-The following error has occurred:Message: invalid selector: An invalid or illegal selector was specified
  (Session info: chrome=87.0.4280.88)

12-09 16:03-INFO-FILE:scraper.py-FUNC:info_data-LINE:207-info_data has been Successfully called
12-09 16:03-INFO-FILE:scraper.py-FUNC:full_address-LINE:95-Successfully returned address : 28 Greenmeadow Ct
Deer Park, New York 11729
12-09 16:03-INFO-FILE:scraper.py-FUNC:reo_id-LINE:121-Successfully returned on reo_id
12-09 16:03-INFO-FILE:scraper.py-FUNC:mls_id-LINE:130-Successfully returned on mls_id
12-09 16:03-INFO-FILE:scraper.py-FUNC:agent_name-LINE:140-Successfully returned on agent_name
12-09 16:03-INFO-FILE:scraper.py-FUNC:agent_phone-LINE:151-Successfully returned on agent_phone
12-09 16:03-INFO-FILE:scraper.py-FUNC:agent_company_name-LINE:162-Successfully returned on agent_company_name
12-09 16:03-CRITICAL-FILE:scraper.py-FUNC:agent_company_phone-LINE:177-The following error has occurred:Message: no such element: Unable to locate element: {"method":"css selector","selector":".company-phone"}
  (Session info: chrome=87.0.4280.88)

12-09 16:03-INFO-FILE:scraper.py-FUNC:agent_company_address-LINE:184-Successfully returned on agent_company_address
12-09 16:03-CRITICAL-FILE:scraper.py-FUNC:description-LINE:199-The following error has occurred:Message: invalid selector: An invalid or illegal selector was specified
  (Session info: chrome=87.0.4280.88)

12-09 16:03-INFO-FILE:scraper.py-FUNC:table_data-LINE:239-table_data has been Successfully called
12-09 16:03-INFO-FILE:scraper.py-FUNC:table_data-LINE:239-table_data has been Successfully called
12-09 16:03-INFO-FILE:scraper.py-FUNC:full_address-LINE:95-Successfully returned address : 28 Greenmeadow Ct
Deer Park, New York 11729
12-09 16:03-INFO-FILE:scraper.py-FUNC:reo_id-LINE:121-Successfully returned on reo_id
12-09 16:03-INFO-FILE:scraper.py-FUNC:mls_id-LINE:130-Successfully returned on mls_id
12-09 16:03-INFO-FILE:scraper.py-FUNC:agent_name-LINE:140-Successfully returned on agent_name
12-09 16:03-INFO-FILE:scraper.py-FUNC:agent_phone-LINE:151-Successfully returned on agent_phone
12-09 16:03-INFO-FILE:scraper.py-FUNC:agent_company_name-LINE:162-Successfully returned on agent_company_name
12-09 16:03-CRITICAL-FILE:scraper.py-FUNC:agent_company_phone-LINE:177-The following error has occurred:Message: no such element: Unable to locate element: {"method":"css selector","selector":".company-phone"}
  (Session info: chrome=87.0.4280.88)

12-09 16:03-INFO-FILE:scraper.py-FUNC:agent_company_address-LINE:184-Successfully returned on agent_company_address
12-09 16:03-CRITICAL-FILE:scraper.py-FUNC:description-LINE:199-The following error has occurred:Message: invalid selector: An invalid or illegal selector was specified
  (Session info: chrome=87.0.4280.88)

12-09 16:03-INFO-FILE:scraper.py-FUNC:table_data-LINE:239-table_data has been Successfully called
12-09 16:03-INFO-FILE:scraper.py-FUNC:table_data-LINE:239-table_data has been Successfully called
12-09 16:03-INFO-FILE:scraper.py-FUNC:table_data-LINE:239-table_data has been Successfully called
12-09 16:03-INFO-FILE:main.py-FUNC:do_the_actual_work-LINE:110-Success! data has been inserted into SQL tables
12-09 16:03-INFO-FILE:main.py-FUNC:do_the_actual_work-LINE:98-Url from page is under proccess
12-09 16:03-INFO-FILE:scraper.py-FUNC:driver_get-LINE:65-driver.get was successfully made on the following url: https://www.homepath.com/listing/325-king-st-la-port-chester-ny-10573-46378205
12-09 16:03-CRITICAL-FILE:scraper.py-FUNC:get_image-LINE:52-The following error has occurred:unknown url type: '//d2196qnssmcium.cloudfront.net/static/img/logo-hp-1833910cc693e2e4425203c594fd3dd7.svg'
12-09 16:03-INFO-FILE:scraper.py-FUNC:get_image-LINE:50-An image was successfully downloaded. File name: img_1.jpeg
12-09 16:03-INFO-FILE:scraper.py-FUNC:get_image-LINE:50-An image was successfully downloaded. File name: img_2.jpeg
12-09 16:03-INFO-FILE:scraper.py-FUNC:get_image-LINE:50-An image was successfully downloaded. File name: img_3.jpeg
12-09 16:03-INFO-FILE:scraper.py-FUNC:get_image-LINE:50-An image was successfully downloaded. File name: img_4.jpeg
12-09 16:03-INFO-FILE:scraper.py-FUNC:get_image-LINE:50-An image was successfully downloaded. File name: img_5.jpeg
12-09 16:03-INFO-FILE:scraper.py-FUNC:get_image-LINE:50-An image was successfully downloaded. File name: img_6.jpeg
12-09 16:03-INFO-FILE:scraper.py-FUNC:get_image-LINE:50-An image was successfully downloaded. File name: img_7.jpeg
12-09 16:03-INFO-FILE:scraper.py-FUNC:get_image-LINE:50-An image was successfully downloaded. File name: img_8.jpeg
12-09 16:03-INFO-FILE:scraper.py-FUNC:get_image-LINE:50-An image was successfully downloaded. File name: img_9.jpeg
12-09 16:03-INFO-FILE:scraper.py-FUNC:get_image-LINE:50-An image was successfully downloaded. File name: img_10.jpeg
12-09 16:03-INFO-FILE:scraper.py-FUNC:get_image-LINE:50-An image was successfully downloaded. File name: img_11.jpeg
12-09 16:03-CRITICAL-FILE:scraper.py-FUNC:get_image-LINE:52-The following error has occurred:unknown url type: '//d2196qnssmcium.cloudfront.net/static/img/addthis_facebook-27b3bf154a39074e558bc19a5bcd5787.gif'
12-09 16:03-CRITICAL-FILE:scraper.py-FUNC:get_image-LINE:52-The following error has occurred:unknown url type: '//d2196qnssmcium.cloudfront.net/static/img/addthis_twitter-e571087b125dfd231014482a6587f5c4.gif'
12-09 16:03-CRITICAL-FILE:scraper.py-FUNC:get_image-LINE:52-The following error has occurred:unknown url type: '//d2196qnssmcium.cloudfront.net/static/img/addthis_email-2771bca38eb671644661b63a354e47ab.gif'
12-09 16:03-CRITICAL-FILE:scraper.py-FUNC:get_image-LINE:52-The following error has occurred:unknown url type: '//d2196qnssmcium.cloudfront.net/hp/contact-image/483479/80/80?v=20201208'
12-09 16:03-CRITICAL-FILE:scraper.py-FUNC:get_image-LINE:52-The following error has occurred:unknown url type: '//d2196qnssmcium.cloudfront.net/static/img/detailsFirstLookProgram_sm-f50273d31f2655385f3c99857bb86ce6.png'
12-09 16:03-CRITICAL-FILE:scraper.py-FUNC:get_image-LINE:52-The following error has occurred:unknown url type: '//d2196qnssmcium.cloudfront.net/static/img/needclosingcostassistance-fde2fa162d6d341225813d799e86f1e4.jpg'
12-09 16:03-CRITICAL-FILE:scraper.py-FUNC:get_image-LINE:52-The following error has occurred:unknown url type: '//d2196qnssmcium.cloudfront.net/static/img/readybuye-right-col-add-ff0dbd417b04a26a1bbd8b1aa27ee8e2.jpg'
12-09 16:03-CRITICAL-FILE:scraper.py-FUNC:get_image-LINE:52-The following error has occurred:unknown url type: '//d2196qnssmcium.cloudfront.net/static/img/homeready-right-col-add-662e9cef0957dccb0d93040af60a82f3.jpg'
12-09 16:03-CRITICAL-FILE:scraper.py-FUNC:get_image-LINE:52-The following error has occurred:unknown url type: '//d2196qnssmcium.cloudfront.net/static/img/fannieMaeLogo.svg?v=1'
12-09 16:03-CRITICAL-FILE:scraper.py-FUNC:get_image-LINE:52-The following error has occurred:unknown url type: '//d2196qnssmcium.cloudfront.net/static/img/btn-app-store.png?v=1'
12-09 16:03-CRITICAL-FILE:scraper.py-FUNC:get_image-LINE:52-The following error has occurred:unknown url type: '//d2196qnssmcium.cloudfront.net/static/img/btn-google-play.png?v=1'
12-09 16:03-CRITICAL-FILE:scraper.py-FUNC:get_image-LINE:52-The following error has occurred:unknown url type: '//d2196qnssmcium.cloudfront.net/static/img/logoEqualHousing-5c2e72a64221424d5e765ec3a8382226.jpg'
12-09 16:03-INFO-FILE:scraper.py-FUNC:info_data-LINE:207-info_data has been Successfully called
12-09 16:03-INFO-FILE:scraper.py-FUNC:full_address-LINE:95-Successfully returned address : 325 King St La
Port Chester, New York 10573
12-09 16:03-INFO-FILE:scraper.py-FUNC:reo_id-LINE:121-Successfully returned on reo_id
12-09 16:03-INFO-FILE:scraper.py-FUNC:mls_id-LINE:130-Successfully returned on mls_id
12-09 16:03-INFO-FILE:scraper.py-FUNC:agent_name-LINE:140-Successfully returned on agent_name
12-09 16:03-INFO-FILE:scraper.py-FUNC:agent_phone-LINE:151-Successfully returned on agent_phone
12-09 16:03-INFO-FILE:scraper.py-FUNC:agent_company_name-LINE:162-Successfully returned on agent_company_name
12-09 16:03-INFO-FILE:scraper.py-FUNC:agent_company_phone-LINE:173-Successfully returned on agent_company_phone
12-09 16:03-INFO-FILE:scraper.py-FUNC:agent_company_address-LINE:184-Successfully returned on agent_company_address
12-09 16:03-CRITICAL-FILE:scraper.py-FUNC:description-LINE:199-The following error has occurred:Message: invalid selector: An invalid or illegal selector was specified
  (Session info: chrome=87.0.4280.88)

12-09 16:03-INFO-FILE:scraper.py-FUNC:info_data-LINE:207-info_data has been Successfully called
12-09 16:03-INFO-FILE:scraper.py-FUNC:full_address-LINE:95-Successfully returned address : 325 King St La
Port Chester, New York 10573
12-09 16:03-INFO-FILE:scraper.py-FUNC:reo_id-LINE:121-Successfully returned on reo_id
12-09 16:03-INFO-FILE:scraper.py-FUNC:mls_id-LINE:130-Successfully returned on mls_id
12-09 16:03-INFO-FILE:scraper.py-FUNC:agent_name-LINE:140-Successfully returned on agent_name
12-09 16:03-INFO-FILE:scraper.py-FUNC:agent_phone-LINE:151-Successfully returned on agent_phone
12-09 16:03-INFO-FILE:scraper.py-FUNC:agent_company_name-LINE:162-Successfully returned on agent_company_name
12-09 16:03-INFO-FILE:scraper.py-FUNC:agent_company_phone-LINE:173-Successfully returned on agent_company_phone
12-09 16:03-INFO-FILE:scraper.py-FUNC:agent_company_address-LINE:184-Successfully returned on agent_company_address
12-09 16:03-CRITICAL-FILE:scraper.py-FUNC:description-LINE:199-The following error has occurred:Message: invalid selector: An invalid or illegal selector was specified
  (Session info: chrome=87.0.4280.88)

12-09 16:03-INFO-FILE:scraper.py-FUNC:table_data-LINE:239-table_data has been Successfully called
12-09 16:03-INFO-FILE:scraper.py-FUNC:table_data-LINE:239-table_data has been Successfully called
12-09 16:03-INFO-FILE:scraper.py-FUNC:full_address-LINE:95-Successfully returned address : 325 King St La
Port Chester, New York 10573
12-09 16:03-INFO-FILE:scraper.py-FUNC:reo_id-LINE:121-Successfully returned on reo_id
12-09 16:03-INFO-FILE:scraper.py-FUNC:mls_id-LINE:130-Successfully returned on mls_id
12-09 16:03-INFO-FILE:scraper.py-FUNC:agent_name-LINE:140-Successfully returned on agent_name
12-09 16:03-INFO-FILE:scraper.py-FUNC:agent_phone-LINE:151-Successfully returned on agent_phone
12-09 16:03-INFO-FILE:scraper.py-FUNC:agent_company_name-LINE:162-Successfully returned on agent_company_name
12-09 16:03-INFO-FILE:scraper.py-FUNC:agent_company_phone-LINE:173-Successfully returned on agent_company_phone
12-09 16:03-INFO-FILE:scraper.py-FUNC:agent_company_address-LINE:184-Successfully returned on agent_company_address
12-09 16:03-CRITICAL-FILE:scraper.py-FUNC:description-LINE:199-The following error has occurred:Message: invalid selector: An invalid or illegal selector was specified
  (Session info: chrome=87.0.4280.88)

12-09 16:03-INFO-FILE:scraper.py-FUNC:table_data-LINE:239-table_data has been Successfully called
12-09 16:03-INFO-FILE:scraper.py-FUNC:table_data-LINE:239-table_data has been Successfully called
12-09 16:03-INFO-FILE:scraper.py-FUNC:table_data-LINE:239-table_data has been Successfully called
12-09 16:03-INFO-FILE:main.py-FUNC:do_the_actual_work-LINE:110-Success! data has been inserted into SQL tables
12-09 16:03-INFO-FILE:main.py-FUNC:do_the_actual_work-LINE:98-Url from page is under proccess
12-09 16:03-INFO-FILE:scraper.py-FUNC:driver_get-LINE:65-driver.get was successfully made on the following url: https://www.homepath.com/listing/155-e-49th-st-3d-new-york-ny-10017-46379400
12-09 16:03-CRITICAL-FILE:scraper.py-FUNC:get_image-LINE:52-The following error has occurred:unknown url type: '//d2196qnssmcium.cloudfront.net/static/img/logo-hp-1833910cc693e2e4425203c594fd3dd7.svg'
12-09 16:03-INFO-FILE:scraper.py-FUNC:get_image-LINE:50-An image was successfully downloaded. File name: img_1.png
12-09 16:03-INFO-FILE:scraper.py-FUNC:get_image-LINE:50-An image was successfully downloaded. File name: img_2.png
12-09 16:03-INFO-FILE:scraper.py-FUNC:get_image-LINE:50-An image was successfully downloaded. File name: img_3.png
12-09 16:03-INFO-FILE:scraper.py-FUNC:get_image-LINE:50-An image was successfully downloaded. File name: img_4.png
12-09 16:03-INFO-FILE:scraper.py-FUNC:get_image-LINE:50-An image was successfully downloaded. File name: img_5.png
12-09 16:03-INFO-FILE:scraper.py-FUNC:get_image-LINE:50-An image was successfully downloaded. File name: img_6.png
12-09 16:03-INFO-FILE:scraper.py-FUNC:get_image-LINE:50-An image was successfully downloaded. File name: img_7.png
12-09 16:03-INFO-FILE:scraper.py-FUNC:get_image-LINE:50-An image was successfully downloaded. File name: img_8.png
12-09 16:03-INFO-FILE:scraper.py-FUNC:get_image-LINE:50-An image was successfully downloaded. File name: img_9.png
12-09 16:03-INFO-FILE:scraper.py-FUNC:get_image-LINE:50-An image was successfully downloaded. File name: img_10.png
